::1 - - [30/Dec/2020:10:54:05 +0000] "DELETE /api/auth/logout HTTP/1.1" 400 13 "-" "PostmanRuntime/7.26.8"
::1 - - [30/Dec/2020:12:43:22 +0000] "POST /api/forgetpassword HTTP/1.1" 404 25 "-" "PostmanRuntime/7.26.8"
::1 - - [30/Dec/2020:12:43:41 +0000] "POST /api/recovery HTTP/1.1" 404 25 "-" "PostmanRuntime/7.26.8"
::1 - - [30/Dec/2020:12:43:55 +0000] "POST /api/forgetpassword/recovery HTTP/1.1" 200 2 "-" "PostmanRuntime/7.26.8"
::1 - - [30/Dec/2020:13:07:22 +0000] "POST /api/forgetpassword/recovery HTTP/1.1" 400 29 "-" "PostmanRuntime/7.26.8"
::1 - - [30/Dec/2020:13:07:31 +0000] "POST /api/forgetpassword/recovery HTTP/1.1" 200 2 "-" "PostmanRuntime/7.26.8"
::1 - - [30/Dec/2020:13:07:44 +0000] "POST /api/forgetpassword/recovery HTTP/1.1" 400 19 "-" "PostmanRuntime/7.26.8"
::1 - - [30/Dec/2020:13:07:52 +0000] "POST /api/forgetpassword/recovery HTTP/1.1" 400 19 "-" "PostmanRuntime/7.26.8"
::1 - - [30/Dec/2020:14:35:23 +0000] "POST /api/forgetpassword/recovery HTTP/1.1" 400 19 "-" "PostmanRuntime/7.26.8"
::1 - - [30/Dec/2020:14:35:32 +0000] "POST /api/forgetpassword/recovery HTTP/1.1" 400 20 "-" "PostmanRuntime/7.26.8"
::1 - - [30/Dec/2020:14:35:44 +0000] "POST /api/forgetpassword/recovery HTTP/1.1" 400 20 "-" "PostmanRuntime/7.26.8"
::1 - - [30/Dec/2020:14:37:02 +0000] "POST /api/forgetpassword/recovery HTTP/1.1" 400 20 "-" "PostmanRuntime/7.26.8"
::1 - - [30/Dec/2020:14:38:10 +0000] "POST /api/forgetpassword/recovery HTTP/1.1" 400 20 "-" "PostmanRuntime/7.26.8"
::1 - - [30/Dec/2020:14:38:33 +0000] "POST /api/forgetpassword/recovery HTTP/1.1" 400 20 "-" "PostmanRuntime/7.26.8"
::1 - - [30/Dec/2020:14:39:00 +0000] "POST /api/forgetpassword/recovery HTTP/1.1" 400 20 "-" "PostmanRuntime/7.26.8"
::1 - - [30/Dec/2020:14:39:38 +0000] "POST /api/forgetpassword/recovery HTTP/1.1" 400 20 "-" "PostmanRuntime/7.26.8"
::1 - - [30/Dec/2020:14:39:55 +0000] "POST /api/forgetpassword/recovery HTTP/1.1" 400 20 "-" "PostmanRuntime/7.26.8"
::1 - - [30/Dec/2020:14:40:08 +0000] "POST /api/forgetpassword/recovery HTTP/1.1" 200 2 "-" "PostmanRuntime/7.26.8"
::1 - - [30/Dec/2020:14:40:46 +0000] "POST /api/forgetpassword/recovery HTTP/1.1" 400 20 "-" "PostmanRuntime/7.26.8"
::1 - - [30/Dec/2020:14:40:58 +0000] "POST /api/forgetpassword/recovery HTTP/1.1" 200 2 "-" "PostmanRuntime/7.26.8"
::1 - - [30/Dec/2020:14:41:39 +0000] "POST /api/forgetpassword/recovery HTTP/1.1" 200 2 "-" "PostmanRuntime/7.26.8"
::1 - - [30/Dec/2020:14:42:40 +0000] "POST /api/forgetpassword/recovery HTTP/1.1" 200 2 "-" "PostmanRuntime/7.26.8"
::1 - - [30/Dec/2020:14:43:13 +0000] "POST /api/forgetpassword/recovery HTTP/1.1" 200 2 "-" "PostmanRuntime/7.26.8"
::1 - - [30/Dec/2020:14:44:33 +0000] "POST /api/forgetpassword/recovery HTTP/1.1" 200 2 "-" "PostmanRuntime/7.26.8"
::1 - - [30/Dec/2020:14:45:02 +0000] "POST /api/forgetpassword/recovery HTTP/1.1" 200 2 "-" "PostmanRuntime/7.26.8"
::1 - - [30/Dec/2020:14:45:21 +0000] "POST /api/forgetpassword/recovery HTTP/1.1" 200 2 "-" "PostmanRuntime/7.26.8"
::1 - - [30/Dec/2020:14:46:02 +0000] "POST /api/forgetpassword/recovery HTTP/1.1" 200 2 "-" "PostmanRuntime/7.26.8"
::1 - - [30/Dec/2020:15:39:40 +0000] "POST /api/forgetpassword/recovery HTTP/1.1" 200 2 "-" "PostmanRuntime/7.26.8"
::1 - - [30/Dec/2020:15:40:44 +0000] "POST /api/forgetpassword/recovery HTTP/1.1" 200 2 "-" "PostmanRuntime/7.26.8"
::1 - - [30/Dec/2020:15:41:21 +0000] "POST /api/forgetpassword/recovery HTTP/1.1" 400 20 "-" "PostmanRuntime/7.26.8"
::1 - - [30/Dec/2020:15:41:37 +0000] "POST /api/forgetpassword/recovery HTTP/1.1" 400 20 "-" "PostmanRuntime/7.26.8"
::1 - - [30/Dec/2020:15:42:00 +0000] "POST /api/forgetpassword/recovery HTTP/1.1" 400 20 "-" "PostmanRuntime/7.26.8"
::1 - - [30/Dec/2020:15:46:09 +0000] "POST /api/forgetpassword/recovery HTTP/1.1" 200 2 "-" "PostmanRuntime/7.26.8"
::1 - - [30/Dec/2020:15:48:13 +0000] "POST /api/forgetpassword/recovery HTTP/1.1" 200 2 "-" "PostmanRuntime/7.26.8"
::1 - - [30/Dec/2020:15:51:02 +0000] "POST /api/forgetpassword/recovery HTTP/1.1" 200 2 "-" "PostmanRuntime/7.26.8"
::1 - - [30/Dec/2020:15:51:55 +0000] "POST /api/forgetpassword/recovery HTTP/1.1" 400 20 "-" "PostmanRuntime/7.26.8"
::1 - - [30/Dec/2020:15:52:22 +0000] "POST /api/forgetpassword/recovery HTTP/1.1" 400 20 "-" "PostmanRuntime/7.26.8"
::1 - - [30/Dec/2020:15:55:18 +0000] "POST /api/forgetpassword/recovery HTTP/1.1" 400 20 "-" "PostmanRuntime/7.26.8"
::1 - - [30/Dec/2020:15:55:27 +0000] "POST /api/forgetpassword/recovery HTTP/1.1" 400 20 "-" "PostmanRuntime/7.26.8"
::1 - - [30/Dec/2020:15:57:36 +0000] "POST /api/forgetpassword/recovery HTTP/1.1" 200 2 "-" "PostmanRuntime/7.26.8"
::1 - - [30/Dec/2020:16:02:39 +0000] "POST /api/forgetpassword/recovery HTTP/1.1" 200 2 "-" "PostmanRuntime/7.26.8"
::1 - - [30/Dec/2020:16:03:30 +0000] "POST /api/forgetpassword/recovery HTTP/1.1" 200 2 "-" "PostmanRuntime/7.26.8"
::1 - - [30/Dec/2020:16:05:21 +0000] "POST /api/forgetpassword/recovery HTTP/1.1" 200 2 "-" "PostmanRuntime/7.26.8"
::1 - - [30/Dec/2020:16:19:12 +0000] "POST /api/forgetpassword/recovery HTTP/1.1" 200 2 "-" "PostmanRuntime/7.26.8"
::1 - - [30/Dec/2020:16:19:42 +0000] "POST /api/forgetpassword/recovery HTTP/1.1" 200 2 "-" "PostmanRuntime/7.26.8"
::1 - - [30/Dec/2020:16:21:06 +0000] "POST /api/forgetpassword/recovery HTTP/1.1" 200 2 "-" "PostmanRuntime/7.26.8"
::1 - - [30/Dec/2020:16:23:34 +0000] "POST /api/forgetpassword/recovery HTTP/1.1" 200 2 "-" "PostmanRuntime/7.26.8"
::1 - - [30/Dec/2020:16:25:25 +0000] "POST /api/forgetpassword/recovery HTTP/1.1" 200 2 "-" "PostmanRuntime/7.26.8"
::1 - - [30/Dec/2020:16:25:57 +0000] "POST /api/forgetpassword/recovery HTTP/1.1" 200 2 "-" "PostmanRuntime/7.26.8"
::1 - - [30/Dec/2020:16:28:26 +0000] "POST /api/forgetpassword/recovery HTTP/1.1" 200 2 "-" "PostmanRuntime/7.26.8"
::1 - - [30/Dec/2020:16:31:42 +0000] "POST /api/forgetpassword/recovery HTTP/1.1" 200 2 "-" "PostmanRuntime/7.26.8"
::1 - - [30/Dec/2020:16:32:34 +0000] "POST /api/forgetpassword/recovery HTTP/1.1" 200 2 "-" "PostmanRuntime/7.26.8"
::1 - - [30/Dec/2020:16:33:25 +0000] "POST /api/forgetpassword/recovery HTTP/1.1" 200 2 "-" "PostmanRuntime/7.26.8"
::1 - - [30/Dec/2020:16:34:19 +0000] "POST /api/forgetpassword/recovery HTTP/1.1" 200 2 "-" "PostmanRuntime/7.26.8"
::1 - - [30/Dec/2020:16:34:39 +0000] "POST /api/forgetpassword/recovery HTTP/1.1" 200 2 "-" "PostmanRuntime/7.26.8"
::1 - - [30/Dec/2020:16:35:34 +0000] "POST /api/forgetpassword/recovery HTTP/1.1" 200 2 "-" "PostmanRuntime/7.26.8"
::1 - - [30/Dec/2020:16:36:25 +0000] "POST /api/forgetpassword/recovery HTTP/1.1" 200 2 "-" "PostmanRuntime/7.26.8"
::1 - - [30/Dec/2020:16:36:56 +0000] "POST /api/forgetpassword/recovery HTTP/1.1" 200 2 "-" "PostmanRuntime/7.26.8"
::1 - - [30/Dec/2020:16:37:17 +0000] "POST /api/forgetpassword/recovery HTTP/1.1" 200 2 "-" "PostmanRuntime/7.26.8"
::1 - - [30/Dec/2020:16:37:31 +0000] "POST /api/forgetpassword/recovery HTTP/1.1" 200 2 "-" "PostmanRuntime/7.26.8"
::1 - - [30/Dec/2020:16:38:05 +0000] "POST /api/forgetpassword/recovery HTTP/1.1" 200 2 "-" "PostmanRuntime/7.26.8"
::1 - - [31/Dec/2020:10:19:54 +0000] "POST /api/forgetpassword/recovery HTTP/1.1" 200 2 "-" "PostmanRuntime/7.26.8"
::1 - - [31/Dec/2020:10:22:33 +0000] "POST /api/forgetpassword/recovery HTTP/1.1" 200 2 "-" "PostmanRuntime/7.26.8"
::1 - - [01/Jan/2021:07:38:21 +0000] "POST /api/forgetpassword/recovery HTTP/1.1" 200 2 "-" "PostmanRuntime/7.26.8"
::1 - - [01/Jan/2021:07:47:26 +0000] "POST /api/forgetpassword/recovery HTTP/1.1" 200 2 "-" "PostmanRuntime/7.26.8"
::1 - - [01/Jan/2021:07:48:22 +0000] "POST /api/forgetpassword/recovery HTTP/1.1" 200 2 "-" "PostmanRuntime/7.26.8"
::1 - - [01/Jan/2021:07:49:52 +0000] "POST /api/forgetpassword/recovery HTTP/1.1" 200 2 "-" "PostmanRuntime/7.26.8"
::1 - - [01/Jan/2021:07:50:31 +0000] "POST /api/forgetpassword/recovery HTTP/1.1" 200 2 "-" "PostmanRuntime/7.26.8"
::1 - - [01/Jan/2021:07:52:55 +0000] "POST /api/forgetpassword/recovery HTTP/1.1" 200 2 "-" "PostmanRuntime/7.26.8"
::1 - - [01/Jan/2021:07:53:43 +0000] "POST /api/forgetpassword/recovery HTTP/1.1" 200 2 "-" "PostmanRuntime/7.26.8"
::1 - - [01/Jan/2021:07:54:47 +0000] "POST /api/forgetpassword/recovery HTTP/1.1" 200 2 "-" "PostmanRuntime/7.26.8"
::1 - - [01/Jan/2021:08:12:30 +0000] "POST /api/forgetpassword/recovery HTTP/1.1" 200 2 "-" "PostmanRuntime/7.26.8"
::1 - - [01/Jan/2021:08:13:09 +0000] "POST /api/forgetpassword/recovery HTTP/1.1" 200 2 "-" "PostmanRuntime/7.26.8"
::1 - - [01/Jan/2021:08:13:44 +0000] "POST /api/forgetpassword/recovery HTTP/1.1" 200 2 "-" "PostmanRuntime/7.26.8"
::1 - - [01/Jan/2021:08:16:29 +0000] "POST /api/forgetpassword/recovery HTTP/1.1" 200 2 "-" "PostmanRuntime/7.26.8"
::1 - - [01/Jan/2021:08:18:31 +0000] "POST /api/forgetpassword/recovery HTTP/1.1" 200 2 "-" "PostmanRuntime/7.26.8"
::1 - - [01/Jan/2021:08:19:54 +0000] "POST /api/forgetpassword/recovery HTTP/1.1" 200 2 "-" "PostmanRuntime/7.26.8"
::1 - - [01/Jan/2021:08:25:21 +0000] "POST /api/forgetpassword/recovery HTTP/1.1" 400 20 "-" "PostmanRuntime/7.26.8"
::1 - - [01/Jan/2021:08:25:59 +0000] "POST /api/forgetpassword/recovery HTTP/1.1" 400 20 "-" "PostmanRuntime/7.26.8"
::1 - - [01/Jan/2021:08:26:53 +0000] "POST /api/forgetpassword/recovery HTTP/1.1" 200 2 "-" "PostmanRuntime/7.26.8"
::1 - - [01/Jan/2021:08:28:22 +0000] "POST /api/forgetpassword/recovery HTTP/1.1" 200 2 "-" "PostmanRuntime/7.26.8"
::1 - - [01/Jan/2021:14:56:44 +0000] "POST /api/forgetpassword/recovery HTTP/1.1" 400 19 "-" "PostmanRuntime/7.26.8"
::1 - - [01/Jan/2021:14:56:51 +0000] "POST /api/forgetpassword/reset HTTP/1.1" 200 2 "-" "PostmanRuntime/7.26.8"
::1 - - [01/Jan/2021:14:59:33 +0000] "POST /api/forgetpassword/reset HTTP/1.1" 200 2 "-" "PostmanRuntime/7.26.8"
::1 - - [01/Jan/2021:15:14:01 +0000] "POST /api/forgetpassword/recovery HTTP/1.1" 200 2 "-" "PostmanRuntime/7.26.8"
::1 - - [01/Jan/2021:15:16:14 +0000] "POST /api/forgetpassword/reset HTTP/1.1" 400 3 "-" "PostmanRuntime/7.26.8"
::1 - - [01/Jan/2021:15:16:29 +0000] "POST /api/forgetpassword/reset HTTP/1.1" 400 3 "-" "PostmanRuntime/7.26.8"
::1 - - [01/Jan/2021:15:16:38 +0000] "POST /api/forgetpassword/reset HTTP/1.1" 400 3 "-" "PostmanRuntime/7.26.8"
::1 - - [01/Jan/2021:15:16:44 +0000] "POST /api/forgetpassword/reset HTTP/1.1" 400 3 "-" "PostmanRuntime/7.26.8"
::1 - - [01/Jan/2021:15:17:34 +0000] "POST /api/forgetpassword/reset HTTP/1.1" 400 3 "-" "PostmanRuntime/7.26.8"
::1 - - [01/Jan/2021:16:52:36 +0000] "POST /api/forgetpassword/recovery HTTP/1.1" 200 2 "-" "PostmanRuntime/7.26.8"
::1 - - [01/Jan/2021:16:53:00 +0000] "POST /api/forgetpassword/reset HTTP/1.1" 400 3 "-" "PostmanRuntime/7.26.8"
::1 - - [01/Jan/2021:16:54:31 +0000] "POST /api/forgetpassword/reset HTTP/1.1" 400 3 "-" "PostmanRuntime/7.26.8"
::1 - - [01/Jan/2021:16:55:04 +0000] "POST /api/forgetpassword/reset HTTP/1.1" 400 22 "-" "PostmanRuntime/7.26.8"
::1 - - [01/Jan/2021:16:55:22 +0000] "POST /api/forgetpassword/reset HTTP/1.1" 400 3 "-" "PostmanRuntime/7.26.8"
::1 - - [01/Jan/2021:16:56:19 +0000] "POST /api/forgetpassword/reset HTTP/1.1" 400 3 "-" "PostmanRuntime/7.26.8"
::1 - - [01/Jan/2021:16:58:32 +0000] "POST /api/forgetpassword/recovery HTTP/1.1" 200 2 "-" "PostmanRuntime/7.26.8"
::1 - - [01/Jan/2021:16:59:13 +0000] "POST /api/forgetpassword/recovery HTTP/1.1" 200 2 "-" "PostmanRuntime/7.26.8"
::1 - - [01/Jan/2021:17:00:02 +0000] "POST /api/forgetpassword/reset HTTP/1.1" 200 2 "-" "PostmanRuntime/7.26.8"
::1 - - [01/Jan/2021:17:01:43 +0000] "POST /api/forgetpassword/reset HTTP/1.1" 200 2 "-" "PostmanRuntime/7.26.8"
::1 - - [01/Jan/2021:17:03:18 +0000] "POST /api/forgetpassword/reset HTTP/1.1" 200 2 "-" "PostmanRuntime/7.26.8"
::1 - - [01/Jan/2021:17:04:31 +0000] "POST /api/forgetpassword/reset HTTP/1.1" 200 2 "-" "PostmanRuntime/7.26.8"
::1 - - [01/Jan/2021:17:04:57 +0000] "POST /api/forgetpassword/reset HTTP/1.1" 200 2 "-" "PostmanRuntime/7.26.8"
::1 - - [01/Jan/2021:17:05:16 +0000] "POST /api/forgetpassword/reset HTTP/1.1" 200 2 "-" "PostmanRuntime/7.26.8"
::1 - - [01/Jan/2021:17:07:39 +0000] "POST /api/forgetpassword/reset HTTP/1.1" 200 2 "-" "PostmanRuntime/7.26.8"
::1 - - [01/Jan/2021:17:07:46 +0000] "POST /api/forgetpassword/reset HTTP/1.1" 400 16 "-" "PostmanRuntime/7.26.8"
::1 - - [02/Jan/2021:16:49:10 +0000] "PUT /api/forgetpassword/editUser HTTP/1.1" 404 25 "-" "PostmanRuntime/7.26.8"
::1 - - [02/Jan/2021:16:49:32 +0000] "PUT /api/auth/editUser HTTP/1.1" 400 21 "-" "PostmanRuntime/7.26.8"
::1 - - [02/Jan/2021:16:49:42 +0000] "PUT /api/auth/editUser HTTP/1.1" 400 21 "-" "PostmanRuntime/7.26.8"
::1 - - [02/Jan/2021:16:49:55 +0000] "PUT /api/auth/editUser HTTP/1.1" 200 2 "-" "PostmanRuntime/7.26.8"
::1 - - [02/Jan/2021:16:50:00 +0000] "PUT /api/auth/edituser HTTP/1.1" 200 2 "-" "PostmanRuntime/7.26.8"
::1 - - [02/Jan/2021:16:54:24 +0000] "PUT /api/auth/edituser HTTP/1.1" 200 2 "-" "PostmanRuntime/7.26.8"
::1 - - [02/Jan/2021:16:54:42 +0000] "PUT /api/auth/edituser HTTP/1.1" 400 18 "-" "PostmanRuntime/7.26.8"
::1 - - [02/Jan/2021:16:55:04 +0000] "PUT /api/auth/edituser HTTP/1.1" 400 18 "-" "PostmanRuntime/7.26.8"
::1 - - [02/Jan/2021:16:55:15 +0000] "PUT /api/auth/edituser HTTP/1.1" 200 2 "-" "PostmanRuntime/7.26.8"
::1 - - [02/Jan/2021:16:56:46 +0000] "PUT /api/auth/edituser HTTP/1.1" 200 2 "-" "PostmanRuntime/7.26.8"
::1 - - [02/Jan/2021:16:57:01 +0000] "PUT /api/auth/edituser HTTP/1.1" 200 2 "-" "PostmanRuntime/7.26.8"
::1 - - [02/Jan/2021:16:58:28 +0000] "PUT /api/auth/edituser HTTP/1.1" 400 23 "-" "PostmanRuntime/7.26.8"
::1 - - [02/Jan/2021:16:58:36 +0000] "PUT /api/auth/edituser HTTP/1.1" 400 18 "-" "PostmanRuntime/7.26.8"
::1 - - [02/Jan/2021:17:04:28 +0000] "PUT /api/auth/edituser HTTP/1.1" 401 32 "-" "PostmanRuntime/7.26.8"
::1 - - [02/Jan/2021:17:04:43 +0000] "POST /api/auth/login HTTP/1.1" 200 2 "-" "PostmanRuntime/7.26.8"
::1 - - [02/Jan/2021:17:04:54 +0000] "POST /api/auth/login HTTP/1.1" 400 30 "-" "PostmanRuntime/7.26.8"
::1 - - [02/Jan/2021:17:05:18 +0000] "PUT /api/auth/edituser HTTP/1.1" 400 18 "-" "PostmanRuntime/7.26.8"
::1 - - [02/Jan/2021:17:05:26 +0000] "PUT /api/auth/edituser HTTP/1.1" 401 25 "-" "PostmanRuntime/7.26.8"
::1 - - [02/Jan/2021:17:05:35 +0000] "PUT /api/auth/edituser HTTP/1.1" 400 18 "-" "PostmanRuntime/7.26.8"
::1 - - [02/Jan/2021:17:06:12 +0000] "PUT /api/auth/edituser HTTP/1.1" 400 18 "-" "PostmanRuntime/7.26.8"
::1 - - [02/Jan/2021:17:06:28 +0000] "PUT /api/auth/edituser HTTP/1.1" 200 2 "-" "PostmanRuntime/7.26.8"
::1 - - [02/Jan/2021:17:11:05 +0000] "PUT /api/auth/edituser HTTP/1.1" 200 2 "-" "PostmanRuntime/7.26.8"
::1 - - [02/Jan/2021:17:11:48 +0000] "PUT /api/auth/edituser HTTP/1.1" 200 2 "-" "PostmanRuntime/7.26.8"
::1 - - [02/Jan/2021:17:12:12 +0000] "PUT /api/auth/edituser HTTP/1.1" 200 19 "-" "PostmanRuntime/7.26.8"
::1 - - [02/Jan/2021:17:12:24 +0000] "PUT /api/auth/edituser HTTP/1.1" 200 19 "-" "PostmanRuntime/7.26.8"
::1 - - [02/Jan/2021:17:13:08 +0000] "PUT /api/auth/edituser HTTP/1.1" 200 19 "-" "PostmanRuntime/7.26.8"
::1 - - [02/Jan/2021:17:13:33 +0000] "PUT /api/auth/edituser HTTP/1.1" 200 19 "-" "PostmanRuntime/7.26.8"
::1 - - [02/Jan/2021:17:15:44 +0000] "PUT /api/auth/edituser HTTP/1.1" 200 19 "-" "PostmanRuntime/7.26.8"
::1 - - [21/Jan/2021:03:23:30 +0000] "POST /api/auth/register HTTP/1.1" 201 23 "-" "PostmanRuntime/7.26.8"
